This is pdfTeX, Version 3.1415926-2.3-1.40.12 (MiKTeX 2.9) (preloaded format=pdflatex 2015.7.16)  30 JAN 2018 12:17
entering extended mode
**E:/MyResearchSpace/Tri-alphabet/v2.2/trialphabet218.tex
(E:/MyResearchSpace/Tri-alphabet/v2.2/trialphabet218.tex
LaTeX2e <2011/06/27>
Babel <v3.8m> and hyphenation patterns for loaded.
(E:\CTEX\MiKTeX\tex\latex\elsarticle\elsarticle.cls
Document Class: elsarticle 2009/09/17, 1.2.0: Elsevier Ltd
\@bls=\dimen102
(E:\CTEX\MiKTeX\tex\latex\base\article.cls
Document Class: article 2007/10/19 v1.4h Standard LaTeX document class
(E:\CTEX\MiKTeX\tex\latex\base\size10.clo
File: size10.clo 2007/10/19 v1.4h Standard LaTeX file (size option)
)
\c@part=\count79
\c@section=\count80
\c@subsection=\count81
\c@subsubsection=\count82
\c@paragraph=\count83
\c@subparagraph=\count84
\c@figure=\count85
\c@table=\count86
\abovecaptionskip=\skip41
\belowcaptionskip=\skip42
\bibindent=\dimen103
)
(E:\CTEX\MiKTeX\tex\latex\graphics\graphicx.sty
Package: graphicx 1999/02/16 v1.0f Enhanced LaTeX Graphics (DPC,SPQR)

(E:\CTEX\MiKTeX\tex\latex\graphics\keyval.sty
Package: keyval 1999/03/16 v1.13 key=value parser (DPC)
\KV@toks@=\toks14
)
(E:\CTEX\MiKTeX\tex\latex\graphics\graphics.sty
Package: graphics 2009/02/05 v1.0o Standard LaTeX Graphics (DPC,SPQR)

(E:\CTEX\MiKTeX\tex\latex\graphics\trig.sty
Package: trig 1999/03/16 v1.09 sin cos tan (DPC)
)
(E:\CTEX\MiKTeX\tex\latex\00miktex\graphics.cfg
File: graphics.cfg 2007/01/18 v1.5 graphics configuration of teTeX/TeXLive
)
Package graphics Info: Driver file: pdftex.def on input line 91.

(E:\CTEX\MiKTeX\tex\latex\pdftex-def\pdftex.def
File: pdftex.def 2011/05/27 v0.06d Graphics/color for pdfTeX

(E:\CTEX\MiKTeX\tex\generic\oberdiek\infwarerr.sty
Package: infwarerr 2010/04/08 v1.3 Providing info/warning/message (HO)
)
(E:\CTEX\MiKTeX\tex\generic\oberdiek\ltxcmds.sty
Package: ltxcmds 2011/04/18 v1.20 LaTeX kernel commands for general use (HO)
)
\Gread@gobject=\count87
))
\Gin@req@height=\dimen104
\Gin@req@width=\dimen105
)
(E:\CTEX\MiKTeX\tex\latex\psnfss\pifont.sty
Package: pifont 2005/04/12 PSNFSS-v9.2a Pi font support (SPQR) 
LaTeX Font Info:    Try loading font information for U+pzd on input line 63.

(E:\CTEX\MiKTeX\tex\latex\psnfss\upzd.fd
File: upzd.fd 2001/06/04 font definitions for U/pzd.
)
LaTeX Font Info:    Try loading font information for U+psy on input line 64.

(E:\CTEX\MiKTeX\tex\latex\psnfss\upsy.fd
File: upsy.fd 2001/06/04 font definitions for U/psy.
))
\c@tnote=\count88
\c@fnote=\count89
\c@cnote=\count90
\c@ead=\count91
\c@author=\count92
\@eadauthor=\toks15
\c@affn=\count93
\absbox=\box26
\keybox=\box27
\Columnwidth=\dimen106
\space@left=\dimen107
\els@boxa=\box28
\els@boxb=\box29
\leftMargin=\dimen108
\@enLab=\toks16
\@sep=\skip43
\@@sep=\skip44

(E:\MyResearchSpace\Tri-alphabet\v2.2\trialphabet218.spl)
(E:\CTEX\MiKTeX\tex\latex\natbib\natbib.sty
Package: natbib 2010/09/13 8.31b (PWD, AO)
\bibhang=\skip45
\bibsep=\skip46
LaTeX Info: Redefining \cite on input line 694.
\c@NAT@ctr=\count94
)
\splwrite=\write3
)
(E:\CTEX\MiKTeX\tex\latex\cjk\CJK.sty
Package: CJK 2008/12/29 4.8.2

(E:\CTEX\MiKTeX\tex\latex\cjk\mule\MULEenc.sty
Package: MULEenc 2008/12/29 4.8.2
)
(E:\CTEX\MiKTeX\tex\latex\cjk\CJK.enc
File: CJK.enc 2008/12/29 4.8.2
)
LaTeX Info: Redefining \selectfont on input line 756.
\CJK@indent=\box30
)
(E:\CTEX\MiKTeX\tex\latex\rotating\rotating.sty
Package: rotating 2009/03/28 v2.16a rotated objects in LaTeX

(E:\CTEX\MiKTeX\tex\latex\base\ifthen.sty
Package: ifthen 2001/05/26 v1.1c Standard LaTeX ifthen package (DPC)
)
\c@r@tfl@t=\count95
\rotFPtop=\skip47
\rotFPbot=\skip48
\rot@float@box=\box31
\rot@mess@toks=\toks17
)
(E:\CTEX\MiKTeX\tex\latex\multirow\multirow.sty
\bigstrutjot=\dimen109
)
(E:\CTEX\MiKTeX\tex\latex\ams\math\amsmath.sty
Package: amsmath 2000/07/18 v2.13 AMS math features
\@mathmargin=\skip49

For additional information on amsmath, use the `?' option.
(E:\CTEX\MiKTeX\tex\latex\ams\math\amstext.sty
Package: amstext 2000/06/29 v2.01

(E:\CTEX\MiKTeX\tex\latex\ams\math\amsgen.sty
File: amsgen.sty 1999/11/30 v2.0
\@emptytoks=\toks18
\ex@=\dimen110
))
(E:\CTEX\MiKTeX\tex\latex\ams\math\amsbsy.sty
Package: amsbsy 1999/11/29 v1.2d
\pmbraise@=\dimen111
)
(E:\CTEX\MiKTeX\tex\latex\ams\math\amsopn.sty
Package: amsopn 1999/12/14 v2.01 operator names
)
\inf@bad=\count96
LaTeX Info: Redefining \frac on input line 211.
\uproot@=\count97
\leftroot@=\count98
LaTeX Info: Redefining \overline on input line 307.
\classnum@=\count99
\DOTSCASE@=\count100
LaTeX Info: Redefining \ldots on input line 379.
LaTeX Info: Redefining \dots on input line 382.
LaTeX Info: Redefining \cdots on input line 467.
\Mathstrutbox@=\box32
\strutbox@=\box33
\big@size=\dimen112
LaTeX Font Info:    Redeclaring font encoding OML on input line 567.
LaTeX Font Info:    Redeclaring font encoding OMS on input line 568.
\macc@depth=\count101
\c@MaxMatrixCols=\count102
\dotsspace@=\muskip10
\c@parentequation=\count103
\dspbrk@lvl=\count104
\tag@help=\toks19
\row@=\count105
\column@=\count106
\maxfields@=\count107
\andhelp@=\toks20
\eqnshift@=\dimen113
\alignsep@=\dimen114
\tagshift@=\dimen115
\tagwidth@=\dimen116
\totwidth@=\dimen117
\lineht@=\dimen118
\@envbody=\toks21
\multlinegap=\skip50
\multlinetaggap=\skip51
\mathdisplay@stack=\toks22
LaTeX Info: Redefining \[ on input line 2666.
LaTeX Info: Redefining \] on input line 2667.
)
(E:\CTEX\MiKTeX\tex\latex\amsfonts\amssymb.sty
Package: amssymb 2009/06/22 v3.00

(E:\CTEX\MiKTeX\tex\latex\amsfonts\amsfonts.sty
Package: amsfonts 2009/06/22 v3.00 Basic AMSFonts support
\symAMSa=\mathgroup4
\symAMSb=\mathgroup5
LaTeX Font Info:    Overwriting math alphabet `\mathfrak' in version `bold'
(Font)                  U/euf/m/n --> U/euf/b/n on input line 96.
))
(E:\CTEX\MiKTeX\tex\latex\base\latexsym.sty
Package: latexsym 1998/08/17 v2.2e Standard LaTeX package (lasy symbols)
\symlasy=\mathgroup6
LaTeX Font Info:    Overwriting symbol font `lasy' in version `bold'
(Font)                  U/lasy/m/n --> U/lasy/b/n on input line 47.
)
(E:\CTEX\MiKTeX\tex\latex\threeparttable\threeparttable.sty
Package: threeparttable 2003/06/13  v 3.0
\@tempboxb=\box34
)
(E:\CTEX\MiKTeX\tex\latex\algorithms\algorithm.sty
Package: algorithm 2009/08/24 v0.1 Document Style `algorithm' - floating enviro
nment

(E:\CTEX\MiKTeX\tex\latex\float\float.sty
Package: float 2001/11/08 v1.3d Float enhancements (AL)
\c@float@type=\count108
\float@exts=\toks23
\float@box=\box35
\@float@everytoks=\toks24
\@floatcapt=\box36
)
\@float@every@algorithm=\toks25
\c@algorithm=\count109
)
(E:\CTEX\MiKTeX\tex\latex\algorithms\algorithmic.sty
Package: algorithmic 2009/08/24 v0.1 Document Style `algorithmic'
\c@ALC@unique=\count110
\c@ALC@line=\count111
\c@ALC@rem=\count112
\c@ALC@depth=\count113
\ALC@tlm=\skip52
\algorithmicindent=\skip53
)
(E:\CTEX\MiKTeX\tex\latex\tools\array.sty
Package: array 2008/09/09 v2.4c Tabular extension package (FMi)
\col@sep=\dimen119
\extrarowheight=\dimen120
\NC@list=\toks26
\extratabsurround=\skip54
\backup@length=\skip55
)
(E:\CTEX\MiKTeX\tex\latex\graphics\epsfig.sty
Package: epsfig 1999/02/16 v1.7a (e)psfig emulation (SPQR)
\epsfxsize=\dimen121
\epsfysize=\dimen122
)
(E:\CTEX\MiKTeX\tex\latex\subfigure\subfigure.sty
Package: subfigure 2002/07/30 v2.1.4 subfigure package
\subfigtopskip=\skip56
\subfigcapskip=\skip57
\subfigcaptopadj=\dimen123
\subfigbottomskip=\skip58
\subfigcapmargin=\dimen124
\subfiglabelskip=\skip59
\c@subfigure=\count114
\c@lofdepth=\count115
\c@subtable=\count116
\c@lotdepth=\count117

****************************************
* Local config file subfigure.cfg used *
****************************************
(E:\CTEX\MiKTeX\tex\latex\subfigure\subfigure.cfg)
\subfig@top=\skip60
\subfig@bottom=\skip61
)
(E:\CTEX\MiKTeX\tex\latex\oberdiek\epstopdf.sty
Package: epstopdf 2010/02/09 v2.5 Conversion with epstopdf on the fly (HO)

(E:\CTEX\MiKTeX\tex\latex\oberdiek\epstopdf-base.sty
Package: epstopdf-base 2010/02/09 v2.5 Base part for package epstopdf

(E:\CTEX\MiKTeX\tex\latex\oberdiek\grfext.sty
Package: grfext 2010/08/19 v1.1 Managing graphics extensions (HO)

(E:\CTEX\MiKTeX\tex\generic\oberdiek\kvdefinekeys.sty
Package: kvdefinekeys 2011/04/07 v1.3 Defining keys (HO)
))
(E:\CTEX\MiKTeX\tex\latex\oberdiek\kvoptions.sty
Package: kvoptions 2010/12/23 v3.10 Keyval support for LaTeX options (HO)

(E:\CTEX\MiKTeX\tex\generic\oberdiek\kvsetkeys.sty
Package: kvsetkeys 2011/04/07 v1.13 Key value parser (HO)

(E:\CTEX\MiKTeX\tex\generic\oberdiek\etexcmds.sty
Package: etexcmds 2011/02/16 v1.5 Prefix for e-TeX command names (HO)

(E:\CTEX\MiKTeX\tex\generic\oberdiek\ifluatex.sty
Package: ifluatex 2010/03/01 v1.3 Provides the ifluatex switch (HO)
Package ifluatex Info: LuaTeX not detected.
)
Package etexcmds Info: Could not find \expanded.
(etexcmds)             That can mean that you are not using pdfTeX 1.50 or
(etexcmds)             that some package has redefined \expanded.
(etexcmds)             In the latter case, load this package earlier.
)))
(E:\CTEX\MiKTeX\tex\generic\oberdiek\pdftexcmds.sty
Package: pdftexcmds 2011/04/22 v0.16 Utilities of pdfTeX for LuaTeX (HO)

(E:\CTEX\MiKTeX\tex\generic\oberdiek\ifpdf.sty
Package: ifpdf 2011/01/30 v2.3 Provides the ifpdf switch (HO)
Package ifpdf Info: pdfTeX in PDF mode is detected.
)
Package pdftexcmds Info: LuaTeX not detected.
Package pdftexcmds Info: \pdf@primitive is available.
Package pdftexcmds Info: \pdf@ifprimitive is available.
Package pdftexcmds Info: \pdfdraftmode found.
)
Package grfext Info: Graphics extension search list:
(grfext)             [.png,.pdf,.jpg,.mps,.jpeg,.jbig2,.jb2,.PNG,.PDF,.JPG,.JPE
G,.JBIG2,.JB2,.eps]
(grfext)             \AppendGraphicsExtensions on input line 452.
))
(E:\CTEX\MiKTeX\tex\latex\ltxmisc\url.sty
\Urlmuskip=\muskip11
Package: url 2006/04/12  ver 3.3  Verb mode for urls, etc.
)
\c@thm=\count118
\c@property=\count119
\c@example=\count120
\c@proposition=\count121
\c@lem=\count122
\c@rem=\count123
\c@corollary=\count124
\c@problem=\count125
\c@proof=\count126
\c@definition=\count127

(E:\MyResearchSpace\Tri-alphabet\v2.2\trialphabet218.aux)
LaTeX Font Info:    Checking defaults for OML/cmm/m/it on input line 30.
LaTeX Font Info:    ... okay on input line 30.
LaTeX Font Info:    Checking defaults for T1/cmr/m/n on input line 30.
LaTeX Font Info:    ... okay on input line 30.
LaTeX Font Info:    Checking defaults for OT1/cmr/m/n on input line 30.
LaTeX Font Info:    ... okay on input line 30.
LaTeX Font Info:    Checking defaults for OMS/cmsy/m/n on input line 30.
LaTeX Font Info:    ... okay on input line 30.
LaTeX Font Info:    Checking defaults for OMX/cmex/m/n on input line 30.
LaTeX Font Info:    ... okay on input line 30.
LaTeX Font Info:    Checking defaults for U/cmr/m/n on input line 30.
LaTeX Font Info:    ... okay on input line 30.
LaTeX Font Info:    Checking defaults for C00/song/m/n on input line 30.
LaTeX Font Info:    ... okay on input line 30.
LaTeX Font Info:    Checking defaults for C05/song/m/n on input line 30.
LaTeX Font Info:    ... okay on input line 30.
LaTeX Font Info:    Checking defaults for C09/song/m/n on input line 30.
LaTeX Font Info:    ... okay on input line 30.
LaTeX Font Info:    Checking defaults for C10/song/m/n on input line 30.
LaTeX Font Info:    ... okay on input line 30.
LaTeX Font Info:    Checking defaults for C20/song/m/n on input line 30.
LaTeX Font Info:    ... okay on input line 30.
LaTeX Font Info:    Checking defaults for C19/song/m/n on input line 30.
LaTeX Font Info:    ... okay on input line 30.
LaTeX Font Info:    Checking defaults for C40/song/m/n on input line 30.
LaTeX Font Info:    ... okay on input line 30.
LaTeX Font Info:    Checking defaults for C42/song/m/n on input line 30.
LaTeX Font Info:    ... okay on input line 30.
LaTeX Font Info:    Checking defaults for C43/song/m/n on input line 30.
LaTeX Font Info:    ... okay on input line 30.
LaTeX Font Info:    Checking defaults for C50/song/m/n on input line 30.
LaTeX Font Info:    ... okay on input line 30.
LaTeX Font Info:    Checking defaults for C52/song/m/n on input line 30.
LaTeX Font Info:    ... okay on input line 30.
LaTeX Font Info:    Checking defaults for C49/song/m/n on input line 30.
LaTeX Font Info:    ... okay on input line 30.
LaTeX Font Info:    Checking defaults for C60/mj/m/n on input line 30.
LaTeX Font Info:    ... okay on input line 30.
LaTeX Font Info:    Checking defaults for C61/mj/m/n on input line 30.
LaTeX Font Info:    ... okay on input line 30.
LaTeX Font Info:    Checking defaults for C63/mj/m/n on input line 30.
LaTeX Font Info:    ... okay on input line 30.
LaTeX Font Info:    Checking defaults for C64/mj/m/n on input line 30.
LaTeX Font Info:    ... okay on input line 30.
LaTeX Font Info:    Checking defaults for C65/mj/m/n on input line 30.
LaTeX Font Info:    ... okay on input line 30.
LaTeX Font Info:    Checking defaults for C70/song/m/n on input line 30.
LaTeX Font Info:    ... okay on input line 30.
LaTeX Font Info:    Checking defaults for C31/song/m/n on input line 30.
LaTeX Font Info:    ... okay on input line 30.
LaTeX Font Info:    Checking defaults for C32/song/m/n on input line 30.
LaTeX Font Info:    ... okay on input line 30.
LaTeX Font Info:    Checking defaults for C33/song/m/n on input line 30.
LaTeX Font Info:    ... okay on input line 30.
LaTeX Font Info:    Checking defaults for C34/song/m/n on input line 30.
LaTeX Font Info:    ... okay on input line 30.
LaTeX Font Info:    Checking defaults for C35/song/m/n on input line 30.
LaTeX Font Info:    ... okay on input line 30.
LaTeX Font Info:    Checking defaults for C36/song/m/n on input line 30.
LaTeX Font Info:    ... okay on input line 30.
LaTeX Font Info:    Checking defaults for C37/song/m/n on input line 30.
LaTeX Font Info:    ... okay on input line 30.
LaTeX Font Info:    Checking defaults for C80/song/m/n on input line 30.
LaTeX Font Info:    ... okay on input line 30.
LaTeX Font Info:    Checking defaults for C81/song/m/n on input line 30.
LaTeX Font Info:    ... okay on input line 30.
LaTeX Font Info:    Checking defaults for C01/song/m/n on input line 30.
LaTeX Font Info:    ... okay on input line 30.
LaTeX Font Info:    Checking defaults for C11/song/m/n on input line 30.
LaTeX Font Info:    ... okay on input line 30.
LaTeX Font Info:    Checking defaults for C21/song/m/n on input line 30.
LaTeX Font Info:    ... okay on input line 30.
LaTeX Font Info:    Checking defaults for C41/song/m/n on input line 30.
LaTeX Font Info:    ... okay on input line 30.
LaTeX Font Info:    Checking defaults for C62/song/m/n on input line 30.
LaTeX Font Info:    ... okay on input line 30.

(E:\CTEX\MiKTeX\tex\context\base\supp-pdf.mkii
[Loading MPS to PDF converter (version 2006.09.02).]
\scratchcounter=\count128
\scratchdimen=\dimen125
\scratchbox=\box37
\nofMPsegments=\count129
\nofMParguments=\count130
\everyMPshowfont=\toks27
\MPscratchCnt=\count131
\MPscratchDim=\dimen126
\MPnumerator=\count132
\makeMPintoPDFobject=\count133
\everyMPtoPDFconversion=\toks28
)
LaTeX Font Info:    Try loading font information for U+msa on input line 66.
 (E:\CTEX\MiKTeX\tex\latex\amsfonts\umsa.fd
File: umsa.fd 2009/06/22 v3.00 AMS symbols A
)
LaTeX Font Info:    Try loading font information for U+msb on input line 66.

(E:\CTEX\MiKTeX\tex\latex\amsfonts\umsb.fd
File: umsb.fd 2009/06/22 v3.00 AMS symbols B
)
LaTeX Font Info:    Try loading font information for U+lasy on input line 66.

(E:\CTEX\MiKTeX\tex\latex\base\ulasy.fd
File: ulasy.fd 1998/08/17 v2.2e LaTeX symbol font definitions
) [1


{E:/CTEX/UserData/pdftex/config/pdftex.map{Unicode.sfd}{UGBK.sfd}}] [2] [3] [4]
LaTeX Font Info:    Try loading font information for OMS+cmr on input line 237.


(E:\CTEX\MiKTeX\tex\latex\base\omscmr.fd
File: omscmr.fd 1999/05/25 v2.5h Standard LaTeX font definitions
)
LaTeX Font Info:    Font shape `OMS/cmr/m/n' in size <10> not available
(Font)              Font shape `OMS/cmsy/m/n' tried instead on input line 237.
 [5]
LaTeX Font Info:    Font shape `OMS/cmr/m/it' in size <10> not available
(Font)              Font shape `OMS/cmsy/m/n' tried instead on input line 253.

<tri-partition-and-thier-actions.pdf, id=29, 516.93124pt x 516.93124pt>
File: tri-partition-and-thier-actions.pdf Graphic file (type pdf)

<use tri-partition-and-thier-actions.pdf>
Package pdftex.def Info: tri-partition-and-thier-actions.pdf used on input line
 281.
(pdftex.def)             Requested size: 180.67499pt x 180.67624pt.

Overfull \hbox (18.39687pt too wide) in paragraph at lines 304--306
[]\OT1/cmr/m/it/10 [[]] Let $\OML/cmm/m/it/10 S \OT1/cmr/m/n/10 = \OML/cmm/m/it
/10 s[]s[] [] s[]$ \OT1/cmr/m/it/10 and $\OML/cmm/m/it/10 P \OT1/cmr/m/n/10 = \
OML/cmm/m/it/10 p[]\OT1/cmr/m/n/10 (\OML/cmm/m/it/10 N; M\OT1/cmr/m/n/10 )\OML/
cmm/m/it/10 p[]\OT1/cmr/m/n/10 (\OML/cmm/m/it/10 N; M\OT1/cmr/m/n/10 ) [] $ $(\
OML/cmm/m/it/10 N; M\OT1/cmr/m/n/10 )\OML/cmm/m/it/10 p[]$\OT1/cmr/m/it/10 ,
 []

[6]
Overfull \hbox (1.40204pt too wide) in paragraph at lines 313--315
[]\OT1/cmr/m/n/10 Let $\OML/cmm/m/it/10 S \OT1/cmr/m/n/10 = \OML/cmm/m/it/10 s[
]s[] [] s[]$ \OT1/cmr/m/n/10 be a se-quence and $\OML/cmm/m/it/10 P \OT1/cmr/m/
n/10 = \OML/cmm/m/it/10 p[]\OT1/cmr/m/n/10 (\OML/cmm/m/it/10 N; M\OT1/cmr/m/n/1
0 )\OML/cmm/m/it/10 p[]\OT1/cmr/m/n/10 (\OML/cmm/m/it/10 N; M\OT1/cmr/m/n/10 ) 
[] $
 []


Overfull \hbox (1.40204pt too wide) in paragraph at lines 330--332
[]\OT1/cmr/m/n/10 Let $\OML/cmm/m/it/10 S \OT1/cmr/m/n/10 = \OML/cmm/m/it/10 s[
]s[] [] s[]$ \OT1/cmr/m/n/10 be a se-quence and $\OML/cmm/m/it/10 P \OT1/cmr/m/
n/10 = \OML/cmm/m/it/10 p[]\OT1/cmr/m/n/10 (\OML/cmm/m/it/10 N; M\OT1/cmr/m/n/1
0 )\OML/cmm/m/it/10 p[]\OT1/cmr/m/n/10 (\OML/cmm/m/it/10 N; M\OT1/cmr/m/n/10 ) 
[] $
 []

[7 <E:/MyResearchSpace/Tri-alphabet/v2.2/tri-partition-and-thier-actions.pdf>]
<relationship.pdf, id=68, 963.6pt x 542.025pt>
File: relationship.pdf Graphic file (type pdf)
 <use relationship.pdf>
Package pdftex.def Info: relationship.pdf used on input line 356.
(pdftex.def)             Requested size: 252.94499pt x 142.27956pt.
 [8 <E:/MyResearchSpace/Tri-alphabet/v2.2/relationship.pdf>] [9] [10]
Underfull \hbox (badness 10000) in paragraph at lines 544--547

 []


Underfull \hbox (badness 10000) in paragraph at lines 573--577

 []


Underfull \hbox (badness 10000) in paragraph at lines 593--596

 []

[11]
Underfull \hbox (badness 10000) in paragraph at lines 627--630

 []

[12] [13] [14]

LaTeX Warning: `h' float specifier changed to `ht'.

[15]

LaTeX Warning: `h' float specifier changed to `ht'.


LaTeX Warning: `h' float specifier changed to `ht'.

[16]
Package epstopdf Info: Source file: <ori-ts.eps>
(epstopdf)                    date: 2017-01-08 11:16:19
(epstopdf)                    size: 28007 bytes
(epstopdf)             Output file: <ori-ts-eps-converted-to.pdf>
(epstopdf)                    date: 2017-05-07 19:49:44
(epstopdf)                    size: 8686 bytes
(epstopdf)             Command: <epstopdf --outfile=ori-ts-eps-converted-to.pdf
 ori-ts.eps>
(epstopdf)             \includegraphics on input line 863.
Package epstopdf Info: Output file is already uptodate.
 <ori-ts-eps-converted-to.pdf, id=107, 481.8pt x 325.215pt>
File: ori-ts-eps-converted-to.pdf Graphic file (type pdf)

<use ori-ts-eps-converted-to.pdf>
Package pdftex.def Info: ori-ts-eps-converted-to.pdf used on input line 863.
(pdftex.def)             Requested size: 252.94499pt x 170.73546pt.


LaTeX Warning: `h' float specifier changed to `ht'.

[17]
Package epstopdf Info: Source file: <TypeI-1.eps>
(epstopdf)                    date: 2017-02-28 19:33:30
(epstopdf)                    size: 10834 bytes
(epstopdf)             Output file: <TypeI-1-eps-converted-to.pdf>
(epstopdf)                    date: 2017-05-07 19:53:55
(epstopdf)                    size: 2980 bytes
(epstopdf)             Command: <epstopdf --outfile=TypeI-1-eps-converted-to.pd
f TypeI-1.eps>
(epstopdf)             \includegraphics on input line 914.
Package epstopdf Info: Output file is already uptodate.
 <TypeI-1-eps-converted-to.pdf, id=113, 562.1pt x 421.575pt>
File: TypeI-1-eps-converted-to.pdf Graphic file (type pdf)

<use TypeI-1-eps-converted-to.pdf>
Package pdftex.def Info: TypeI-1-eps-converted-to.pdf used on input line 914.
(pdftex.def)             Requested size: 79.49744pt x 59.61833pt.
Package epstopdf Info: Source file: <TypeI-2.eps>
(epstopdf)                    date: 2017-02-28 19:33:52
(epstopdf)                    size: 11241 bytes
(epstopdf)             Output file: <TypeI-2-eps-converted-to.pdf>
(epstopdf)                    date: 2017-05-07 19:55:30
(epstopdf)                    size: 3070 bytes
(epstopdf)             Command: <epstopdf --outfile=TypeI-2-eps-converted-to.pd
f TypeI-2.eps>
(epstopdf)             \includegraphics on input line 920.
Package epstopdf Info: Output file is already uptodate.

<TypeI-2-eps-converted-to.pdf, id=114, 562.1pt x 421.575pt>
File: TypeI-2-eps-converted-to.pdf Graphic file (type pdf)

<use TypeI-2-eps-converted-to.pdf>
Package pdftex.def Info: TypeI-2-eps-converted-to.pdf used on input line 920.
(pdftex.def)             Requested size: 79.49744pt x 59.61833pt.
Package epstopdf Info: Source file: <TypeI-3.eps>
(epstopdf)                    date: 2017-02-28 19:34:12
(epstopdf)                    size: 10834 bytes
(epstopdf)             Output file: <TypeI-3-eps-converted-to.pdf>
(epstopdf)                    date: 2017-05-07 19:55:31
(epstopdf)                    size: 2979 bytes
(epstopdf)             Command: <epstopdf --outfile=TypeI-3-eps-converted-to.pd
f TypeI-3.eps>
(epstopdf)             \includegraphics on input line 926.
Package epstopdf Info: Output file is already uptodate.

<TypeI-3-eps-converted-to.pdf, id=115, 562.1pt x 421.575pt>
File: TypeI-3-eps-converted-to.pdf Graphic file (type pdf)

<use TypeI-3-eps-converted-to.pdf>
Package pdftex.def Info: TypeI-3-eps-converted-to.pdf used on input line 926.
(pdftex.def)             Requested size: 79.49744pt x 59.61833pt.
Package epstopdf Info: Source file: <TypeII-1.eps>
(epstopdf)                    date: 2017-02-28 19:38:42
(epstopdf)                    size: 10403 bytes
(epstopdf)             Output file: <TypeII-1-eps-converted-to.pdf>
(epstopdf)                    date: 2017-05-07 19:55:32
(epstopdf)                    size: 2859 bytes
(epstopdf)             Command: <epstopdf --outfile=TypeII-1-eps-converted-to.p
df TypeII-1.eps>
(epstopdf)             \includegraphics on input line 932.
Package epstopdf Info: Output file is already uptodate.

<TypeII-1-eps-converted-to.pdf, id=116, 562.1pt x 421.575pt>
File: TypeII-1-eps-converted-to.pdf Graphic file (type pdf)

<use TypeII-1-eps-converted-to.pdf>
Package pdftex.def Info: TypeII-1-eps-converted-to.pdf used on input line 932.
(pdftex.def)             Requested size: 79.49744pt x 59.61833pt.
Package epstopdf Info: Source file: <TypeII-2.eps>
(epstopdf)                    date: 2017-02-28 19:39:04
(epstopdf)                    size: 10397 bytes
(epstopdf)             Output file: <TypeII-2-eps-converted-to.pdf>
(epstopdf)                    date: 2017-05-07 19:55:33
(epstopdf)                    size: 2852 bytes
(epstopdf)             Command: <epstopdf --outfile=TypeII-2-eps-converted-to.p
df TypeII-2.eps>
(epstopdf)             \includegraphics on input line 938.
Package epstopdf Info: Output file is already uptodate.

<TypeII-2-eps-converted-to.pdf, id=117, 562.1pt x 421.575pt>
File: TypeII-2-eps-converted-to.pdf Graphic file (type pdf)

<use TypeII-2-eps-converted-to.pdf>
Package pdftex.def Info: TypeII-2-eps-converted-to.pdf used on input line 938.
(pdftex.def)             Requested size: 79.49744pt x 59.61833pt.
Package epstopdf Info: Source file: <TypeII-3.eps>
(epstopdf)                    date: 2017-02-28 19:42:30
(epstopdf)                    size: 10406 bytes
(epstopdf)             Output file: <TypeII-3-eps-converted-to.pdf>
(epstopdf)                    date: 2017-05-07 19:55:34
(epstopdf)                    size: 2887 bytes
(epstopdf)             Command: <epstopdf --outfile=TypeII-3-eps-converted-to.p
df TypeII-3.eps>
(epstopdf)             \includegraphics on input line 944.
Package epstopdf Info: Output file is already uptodate.

<TypeII-3-eps-converted-to.pdf, id=118, 562.1pt x 421.575pt>
File: TypeII-3-eps-converted-to.pdf Graphic file (type pdf)

<use TypeII-3-eps-converted-to.pdf>
Package pdftex.def Info: TypeII-3-eps-converted-to.pdf used on input line 944.
(pdftex.def)             Requested size: 79.49744pt x 59.61833pt.
Package epstopdf Info: Source file: <TypeIII-1.eps>
(epstopdf)                    date: 2017-02-28 19:22:08
(epstopdf)                    size: 11036 bytes
(epstopdf)             Output file: <TypeIII-1-eps-converted-to.pdf>
(epstopdf)                    date: 2017-05-07 19:55:35
(epstopdf)                    size: 3034 bytes
(epstopdf)             Command: <epstopdf --outfile=TypeIII-1-eps-converted-to.
pdf TypeIII-1.eps>
(epstopdf)             \includegraphics on input line 950.
Package epstopdf Info: Output file is already uptodate.

<TypeIII-1-eps-converted-to.pdf, id=119, 562.1pt x 421.575pt>
File: TypeIII-1-eps-converted-to.pdf Graphic file (type pdf)

<use TypeIII-1-eps-converted-to.pdf>
Package pdftex.def Info: TypeIII-1-eps-converted-to.pdf used on input line 950.

(pdftex.def)             Requested size: 79.49744pt x 59.61833pt.
Package epstopdf Info: Source file: <TypeIII-2.eps>
(epstopdf)                    date: 2017-02-28 19:23:00
(epstopdf)                    size: 11235 bytes
(epstopdf)             Output file: <TypeIII-2-eps-converted-to.pdf>
(epstopdf)                    date: 2017-05-07 19:55:36
(epstopdf)                    size: 3079 bytes
(epstopdf)             Command: <epstopdf --outfile=TypeIII-2-eps-converted-to.
pdf TypeIII-2.eps>
(epstopdf)             \includegraphics on input line 956.
Package epstopdf Info: Output file is already uptodate.

<TypeIII-2-eps-converted-to.pdf, id=120, 562.1pt x 640.3925pt>
File: TypeIII-2-eps-converted-to.pdf Graphic file (type pdf)

<use TypeIII-2-eps-converted-to.pdf>
Package pdftex.def Info: TypeIII-2-eps-converted-to.pdf used on input line 956.

(pdftex.def)             Requested size: 79.49744pt x 90.5631pt.
Package epstopdf Info: Source file: <TypeIII-3.eps>
(epstopdf)                    date: 2017-02-28 19:23:28
(epstopdf)                    size: 11243 bytes
(epstopdf)             Output file: <TypeIII-3-eps-converted-to.pdf>
(epstopdf)                    date: 2017-05-07 19:55:37
(epstopdf)                    size: 3076 bytes
(epstopdf)             Command: <epstopdf --outfile=TypeIII-3-eps-converted-to.
pdf TypeIII-3.eps>
(epstopdf)             \includegraphics on input line 962.
Package epstopdf Info: Output file is already uptodate.

<TypeIII-3-eps-converted-to.pdf, id=121, 562.1pt x 421.575pt>
File: TypeIII-3-eps-converted-to.pdf Graphic file (type pdf)

<use TypeIII-3-eps-converted-to.pdf>
Package pdftex.def Info: TypeIII-3-eps-converted-to.pdf used on input line 962.

(pdftex.def)             Requested size: 79.49744pt x 59.61833pt.
Package epstopdf Info: Source file: <TypeIV-1.eps>
(epstopdf)                    date: 2017-02-28 19:26:02
(epstopdf)                    size: 11035 bytes
(epstopdf)             Output file: <TypeIV-1-eps-converted-to.pdf>
(epstopdf)                    date: 2017-05-07 19:55:38
(epstopdf)                    size: 3036 bytes
(epstopdf)             Command: <epstopdf --outfile=TypeIV-1-eps-converted-to.p
df TypeIV-1.eps>
(epstopdf)             \includegraphics on input line 968.
Package epstopdf Info: Output file is already uptodate.

<TypeIV-1-eps-converted-to.pdf, id=122, 562.1pt x 421.575pt>
File: TypeIV-1-eps-converted-to.pdf Graphic file (type pdf)

<use TypeIV-1-eps-converted-to.pdf>
Package pdftex.def Info: TypeIV-1-eps-converted-to.pdf used on input line 968.
(pdftex.def)             Requested size: 79.49744pt x 59.61833pt.
Package epstopdf Info: Source file: <TypeIV-2.eps>
(epstopdf)                    date: 2017-02-28 19:26:24
(epstopdf)                    size: 10826 bytes
(epstopdf)             Output file: <TypeIV-2-eps-converted-to.pdf>
(epstopdf)                    date: 2017-05-07 19:55:39
(epstopdf)                    size: 2971 bytes
(epstopdf)             Command: <epstopdf --outfile=TypeIV-2-eps-converted-to.p
df TypeIV-2.eps>
(epstopdf)             \includegraphics on input line 974.
Package epstopdf Info: Output file is already uptodate.

<TypeIV-2-eps-converted-to.pdf, id=123, 562.1pt x 421.575pt>
File: TypeIV-2-eps-converted-to.pdf Graphic file (type pdf)

<use TypeIV-2-eps-converted-to.pdf>
Package pdftex.def Info: TypeIV-2-eps-converted-to.pdf used on input line 974.
(pdftex.def)             Requested size: 79.49744pt x 59.61833pt.
Package epstopdf Info: Source file: <TypeIV-3.eps>
(epstopdf)                    date: 2017-02-28 19:26:50
(epstopdf)                    size: 11048 bytes
(epstopdf)             Output file: <TypeIV-3-eps-converted-to.pdf>
(epstopdf)                    date: 2017-05-07 19:55:40
(epstopdf)                    size: 3032 bytes
(epstopdf)             Command: <epstopdf --outfile=TypeIV-3-eps-converted-to.p
df TypeIV-3.eps>
(epstopdf)             \includegraphics on input line 980.
Package epstopdf Info: Output file is already uptodate.

<TypeIV-3-eps-converted-to.pdf, id=124, 562.1pt x 421.575pt>
File: TypeIV-3-eps-converted-to.pdf Graphic file (type pdf)

<use TypeIV-3-eps-converted-to.pdf>
Package pdftex.def Info: TypeIV-3-eps-converted-to.pdf used on input line 980.
(pdftex.def)             Requested size: 79.49744pt x 59.61833pt.
Package epstopdf Info: Source file: <TypeV-1.eps>
(epstopdf)                    date: 2017-02-28 19:28:52
(epstopdf)                    size: 10413 bytes
(epstopdf)             Output file: <TypeV-1-eps-converted-to.pdf>
(epstopdf)                    date: 2017-05-07 19:55:41
(epstopdf)                    size: 2888 bytes
(epstopdf)             Command: <epstopdf --outfile=TypeV-1-eps-converted-to.pd
f TypeV-1.eps>
(epstopdf)             \includegraphics on input line 986.
Package epstopdf Info: Output file is already uptodate.

<TypeV-1-eps-converted-to.pdf, id=125, 562.1pt x 421.575pt>
File: TypeV-1-eps-converted-to.pdf Graphic file (type pdf)

<use TypeV-1-eps-converted-to.pdf>
Package pdftex.def Info: TypeV-1-eps-converted-to.pdf used on input line 986.
(pdftex.def)             Requested size: 79.49744pt x 59.61833pt.
Package epstopdf Info: Source file: <TypeV-2.eps>
(epstopdf)                    date: 2017-02-28 19:29:12
(epstopdf)                    size: 10409 bytes
(epstopdf)             Output file: <TypeV-2-eps-converted-to.pdf>
(epstopdf)                    date: 2017-05-07 19:55:42
(epstopdf)                    size: 2891 bytes
(epstopdf)             Command: <epstopdf --outfile=TypeV-2-eps-converted-to.pd
f TypeV-2.eps>
(epstopdf)             \includegraphics on input line 992.
Package epstopdf Info: Output file is already uptodate.

<TypeV-2-eps-converted-to.pdf, id=126, 562.1pt x 421.575pt>
File: TypeV-2-eps-converted-to.pdf Graphic file (type pdf)

<use TypeV-2-eps-converted-to.pdf>
Package pdftex.def Info: TypeV-2-eps-converted-to.pdf used on input line 992.
(pdftex.def)             Requested size: 79.49744pt x 59.61833pt.
Package epstopdf Info: Source file: <TypeV-3.eps>
(epstopdf)                    date: 2017-02-28 19:29:28
(epstopdf)                    size: 10623 bytes
(epstopdf)             Output file: <TypeV-3-eps-converted-to.pdf>
(epstopdf)                    date: 2017-05-07 19:55:44
(epstopdf)                    size: 2933 bytes
(epstopdf)             Command: <epstopdf --outfile=TypeV-3-eps-converted-to.pd
f TypeV-3.eps>
(epstopdf)             \includegraphics on input line 998.
Package epstopdf Info: Output file is already uptodate.

<TypeV-3-eps-converted-to.pdf, id=127, 562.1pt x 421.575pt>
File: TypeV-3-eps-converted-to.pdf Graphic file (type pdf)

<use TypeV-3-eps-converted-to.pdf>
Package pdftex.def Info: TypeV-3-eps-converted-to.pdf used on input line 998.
(pdftex.def)             Requested size: 79.49744pt x 59.61833pt.
 [18 <E:/MyResearchSpace/Tri-alphabet/v2.2/ori-ts-eps-converted-to.pdf>] (E:\CT
EX\MiKTeX\tex\latex\cjk\standard.bdg
File: standard.bdg 2008/12/29 4.8.2
)
(E:\CTEX\MiKTeX\tex\latex\cjk\extended.enc
File: extended.enc 2008/12/29 4.8.2
)
(E:\CTEX\MiKTeX\tex\latex\cjk\extended.chr
File: extended.chr 2008/12/29 4.8.2
)
LaTeX Font Info:    Try loading font information for C19+song on input line 102
3.

(E:\CTEX\CTeX\tex\latex\CJK\GB\c19song.fd
File: c19song.fd 2009/09/23 4.8.2
) [19 <E:/MyResearchSpace/Tri-alphabet/v2.2/TypeI-1-eps-converted-to.pdf> <E:/M
yResearchSpace/Tri-alphabet/v2.2/TypeI-2-eps-converted-to.pdf> <E:/MyResearchSp
ace/Tri-alphabet/v2.2/TypeI-3-eps-converted-to.pdf> <E:/MyResearchSpace/Tri-alp
habet/v2.2/TypeII-1-eps-converted-to.pdf> <E:/MyResearchSpace/Tri-alphabet/v2.2
/TypeII-2-eps-converted-to.pdf> <E:/MyResearchSpace/Tri-alphabet/v2.2/TypeII-3-
eps-converted-to.pdf> <E:/MyResearchSpace/Tri-alphabet/v2.2/TypeIII-1-eps-conve
rted-to.pdf> <E:/MyResearchSpace/Tri-alphabet/v2.2/TypeIII-2-eps-converted-to.p
df> <E:/MyResearchSpace/Tri-alphabet/v2.2/TypeIII-3-eps-converted-to.pdf> <E:/M
yResearchSpace/Tri-alphabet/v2.2/TypeIV-1-eps-converted-to.pdf> <E:/MyResearchS
pace/Tri-alphabet/v2.2/TypeIV-2-eps-converted-to.pdf> <E:/MyResearchSpace/Tri-a
lphabet/v2.2/TypeIV-3-eps-converted-to.pdf> <E:/MyResearchSpace/Tri-alphabet/v2
.2/TypeV-1-eps-converted-to.pdf> <E:/MyResearchSpace/Tri-alphabet/v2.2/TypeV-2-
eps-converted-to.pdf> <E:/MyResearchSpace/Tri-alphabet/v2.2/TypeV-3-eps-convert
ed-to.pdf>] [20]
Package epstopdf Info: Source file: <textlength2-news.eps>
(epstopdf)                    date: 2017-04-20 10:29:06
(epstopdf)                    size: 37113 bytes
(epstopdf)             Output file: <textlength2-news-eps-converted-to.pdf>
(epstopdf)                    date: 2017-04-20 10:40:29
(epstopdf)                    size: 6546 bytes
(epstopdf)             Command: <epstopdf --outfile=textlength2-news-eps-conver
ted-to.pdf textlength2-news.eps>
(epstopdf)             \includegraphics on input line 1089.
Package epstopdf Info: Output file is already uptodate.

<textlength2-news-eps-converted-to.pdf, id=181, 743.77875pt x 383.4325pt>
File: textlength2-news-eps-converted-to.pdf Graphic file (type pdf)

<use textlength2-news-eps-converted-to.pdf>
Package pdftex.def Info: textlength2-news-eps-converted-to.pdf used on input li
ne 1089.
(pdftex.def)             Requested size: 158.99377pt x 81.96246pt.
Package epstopdf Info: Source file: <textlength2-novel.eps>
(epstopdf)                    date: 2017-04-20 10:29:06
(epstopdf)                    size: 36393 bytes
(epstopdf)             Output file: <textlength2-novel-eps-converted-to.pdf>
(epstopdf)                    date: 2017-04-20 10:45:31
(epstopdf)                    size: 6094 bytes
(epstopdf)             Command: <epstopdf --outfile=textlength2-novel-eps-conve
rted-to.pdf textlength2-novel.eps>
(epstopdf)             \includegraphics on input line 1095.
Package epstopdf Info: Output file is already uptodate.

<textlength2-novel-eps-converted-to.pdf, id=182, 743.77875pt x 384.43625pt>
File: textlength2-novel-eps-converted-to.pdf Graphic file (type pdf)

<use textlength2-novel-eps-converted-to.pdf>
Package pdftex.def Info: textlength2-novel-eps-converted-to.pdf used on input l
ine 1095.
(pdftex.def)             Requested size: 158.99377pt x 82.17703pt.
Package epstopdf Info: Source file: <textlength2-law.eps>
(epstopdf)                    date: 2017-04-20 10:29:06
(epstopdf)                    size: 37472 bytes
(epstopdf)             Output file: <textlength2-law-eps-converted-to.pdf>
(epstopdf)                    date: 2017-04-20 10:46:12
(epstopdf)                    size: 6339 bytes
(epstopdf)             Command: <epstopdf --outfile=textlength2-law-eps-convert
ed-to.pdf textlength2-law.eps>
(epstopdf)             \includegraphics on input line 1101.
Package epstopdf Info: Output file is already uptodate.

<textlength2-law-eps-converted-to.pdf, id=183, 743.77875pt x 385.44pt>
File: textlength2-law-eps-converted-to.pdf Graphic file (type pdf)

<use textlength2-law-eps-converted-to.pdf>
Package pdftex.def Info: textlength2-law-eps-converted-to.pdf used on input lin
e 1101.
(pdftex.def)             Requested size: 158.99377pt x 82.39159pt.
Package epstopdf Info: Source file: <textlength2-history.eps>
(epstopdf)                    date: 2017-04-20 10:29:06
(epstopdf)                    size: 37500 bytes
(epstopdf)             Output file: <textlength2-history-eps-converted-to.pdf>
(epstopdf)                    date: 2017-04-20 10:45:32
(epstopdf)                    size: 6318 bytes
(epstopdf)             Command: <epstopdf --outfile=textlength2-history-eps-con
verted-to.pdf textlength2-history.eps>
(epstopdf)             \includegraphics on input line 1107.
Package epstopdf Info: Output file is already uptodate.

<textlength2-history-eps-converted-to.pdf, id=184, 743.77875pt x 385.44pt>
File: textlength2-history-eps-converted-to.pdf Graphic file (type pdf)

<use textlength2-history-eps-converted-to.pdf>
Package pdftex.def Info: textlength2-history-eps-converted-to.pdf used on input
 line 1107.
(pdftex.def)             Requested size: 158.99377pt x 82.39159pt.
Package epstopdf Info: Source file: <textlength3-news.eps>
(epstopdf)                    date: 2017-04-27 12:28:45
(epstopdf)                    size: 37571 bytes
(epstopdf)             Output file: <textlength3-news-eps-converted-to.pdf>
(epstopdf)                    date: 2017-04-27 12:53:28
(epstopdf)                    size: 6295 bytes
(epstopdf)             Command: <epstopdf --outfile=textlength3-news-eps-conver
ted-to.pdf textlength3-news.eps>
(epstopdf)             \includegraphics on input line 1113.
Package epstopdf Info: Output file is already uptodate.

<textlength3-news-eps-converted-to.pdf, id=185, 743.77875pt x 347.2975pt>
File: textlength3-news-eps-converted-to.pdf Graphic file (type pdf)

<use textlength3-news-eps-converted-to.pdf>
Package pdftex.def Info: textlength3-news-eps-converted-to.pdf used on input li
ne 1113.
(pdftex.def)             Requested size: 158.99377pt x 74.23825pt.
Package epstopdf Info: Source file: <textlength3-novel.eps>
(epstopdf)                    date: 2017-04-26 19:18:26
(epstopdf)                    size: 37584 bytes
(epstopdf)             Output file: <textlength3-novel-eps-converted-to.pdf>
(epstopdf)                    date: 2017-04-26 19:24:11
(epstopdf)                    size: 5828 bytes
(epstopdf)             Command: <epstopdf --outfile=textlength3-novel-eps-conve
rted-to.pdf textlength3-novel.eps>
(epstopdf)             \includegraphics on input line 1119.
Package epstopdf Info: Output file is already uptodate.

<textlength3-novel-eps-converted-to.pdf, id=186, 743.77875pt x 347.2975pt>
File: textlength3-novel-eps-converted-to.pdf Graphic file (type pdf)

<use textlength3-novel-eps-converted-to.pdf>
Package pdftex.def Info: textlength3-novel-eps-converted-to.pdf used on input l
ine 1119.
(pdftex.def)             Requested size: 158.99377pt x 74.23825pt.
Package epstopdf Info: Source file: <textlength3-law.eps>
(epstopdf)                    date: 2017-04-26 19:18:26
(epstopdf)                    size: 37252 bytes
(epstopdf)             Output file: <textlength3-law-eps-converted-to.pdf>
(epstopdf)                    date: 2017-04-26 19:24:13
(epstopdf)                    size: 5935 bytes
(epstopdf)             Command: <epstopdf --outfile=textlength3-law-eps-convert
ed-to.pdf textlength3-law.eps>
(epstopdf)             \includegraphics on input line 1125.
Package epstopdf Info: Output file is already uptodate.

<textlength3-law-eps-converted-to.pdf, id=187, 743.77875pt x 346.29375pt>
File: textlength3-law-eps-converted-to.pdf Graphic file (type pdf)

<use textlength3-law-eps-converted-to.pdf>
Package pdftex.def Info: textlength3-law-eps-converted-to.pdf used on input lin
e 1125.
(pdftex.def)             Requested size: 158.99377pt x 74.0237pt.
Package epstopdf Info: Source file: <textlength3-history.eps>
(epstopdf)                    date: 2017-04-26 19:18:26
(epstopdf)                    size: 37227 bytes
(epstopdf)             Output file: <textlength3-history-eps-converted-to.pdf>
(epstopdf)                    date: 2017-04-26 19:24:12
(epstopdf)                    size: 6017 bytes
(epstopdf)             Command: <epstopdf --outfile=textlength3-history-eps-con
verted-to.pdf textlength3-history.eps>
(epstopdf)             \includegraphics on input line 1131.
Package epstopdf Info: Output file is already uptodate.

<textlength3-history-eps-converted-to.pdf, id=188, 743.77875pt x 385.44pt>
File: textlength3-history-eps-converted-to.pdf Graphic file (type pdf)

<use textlength3-history-eps-converted-to.pdf>
Package pdftex.def Info: textlength3-history-eps-converted-to.pdf used on input
 line 1131.
(pdftex.def)             Requested size: 158.99377pt x 82.39159pt.
 [21 <E:/MyResearchSpace/Tri-alphabet/v2.2/textlength2-news-eps-converted-to.pd
f> <E:/MyResearchSpace/Tri-alphabet/v2.2/textlength2-novel-eps-converted-to.pdf
> <E:/MyResearchSpace/Tri-alphabet/v2.2/textlength2-law-eps-converted-to.pdf> <
E:/MyResearchSpace/Tri-alphabet/v2.2/textlength2-history-eps-converted-to.pdf> 
<E:/MyResearchSpace/Tri-alphabet/v2.2/textlength3-news-eps-converted-to.pdf> <E
:/MyResearchSpace/Tri-alphabet/v2.2/textlength3-novel-eps-converted-to.pdf> <E:
/MyResearchSpace/Tri-alphabet/v2.2/textlength3-law-eps-converted-to.pdf> <E:/My
ResearchSpace/Tri-alphabet/v2.2/textlength3-history-eps-converted-to.pdf>]

LaTeX Warning: `h' float specifier changed to `ht'.

[22] (E:\MyResearchSpace\Tri-alphabet\v2.2\trialphabet218.bbl [23]
Underfull \hbox (badness 2073) in paragraph at lines 40--42
[]\OT1/cmr/m/n/10 C. Gao, Y. Y. Yao, Ac-tion-able s-trate-gies in three-way de-
ci-sion-s,
 []

[24] [25] [26] [27]) [28]
(E:\MyResearchSpace\Tri-alphabet\v2.2\trialphabet218.aux) ) 
Here is how much of TeX's memory you used:
 5309 strings out of 495354
 69435 string characters out of 3183859
 145575 words of memory out of 3000000
 8290 multiletter control sequences out of 15000+200000
 15143 words of font info for 59 fonts, out of 3000000 for 9000
 14 hyphenation exceptions out of 8191
 42i,12n,30p,369b,571s stack positions out of 5000i,500n,10000p,200000b,50000s
<E:/CTEX/CTeX/fonts/
truetype/chinese/simsun.ttf><E:/CTEX/CTeX/fonts/truetype/chinese/simsun.ttf><E:
/CTEX/CTeX/fonts/truetype/chinese/simsun.ttf><E:/CTEX/CTeX/fonts/truetype/chine
se/simsun.ttf><E:/CTEX/CTeX/fonts/truetype/chinese/simsun.ttf><E:/CTEX/CTeX/fon
ts/truetype/chinese/simsun.ttf><E:/CTEX/CTeX/fonts/truetype/chinese/simsun.ttf>
<E:/CTEX/CTeX/fonts/truetype/chinese/simsun.ttf><E:/CTEX/MiKTeX/fonts/type1/pub
lic/amsfonts/cm/cmbx10.pfb><E:/CTEX/MiKTeX/fonts/type1/public/amsfonts/cm/cmbxt
i10.pfb><E:/CTEX/MiKTeX/fonts/type1/public/amsfonts/cm/cmcsc10.pfb><E:/CTEX/MiK
TeX/fonts/type1/public/amsfonts/cm/cmex10.pfb><E:/CTEX/MiKTeX/fonts/type1/publi
c/amsfonts/cm/cmmi10.pfb><E:/CTEX/MiKTeX/fonts/type1/public/amsfonts/cm/cmmi5.p
fb><E:/CTEX/MiKTeX/fonts/type1/public/amsfonts/cm/cmmi7.pfb><E:/CTEX/MiKTeX/fon
ts/type1/public/amsfonts/cm/cmmi8.pfb><E:/CTEX/MiKTeX/fonts/type1/public/amsfon
ts/cm/cmr10.pfb><E:/CTEX/MiKTeX/fonts/type1/public/amsfonts/cm/cmr12.pfb><E:/CT
EX/MiKTeX/fonts/type1/public/amsfonts/cm/cmr5.pfb><E:/CTEX/MiKTeX/fonts/type1/p
ublic/amsfonts/cm/cmr7.pfb><E:/CTEX/MiKTeX/fonts/type1/public/amsfonts/cm/cmr8.
pfb><E:/CTEX/MiKTeX/fonts/type1/public/amsfonts/cm/cmsy10.pfb><E:/CTEX/MiKTeX/f
onts/type1/public/amsfonts/cm/cmsy5.pfb><E:/CTEX/MiKTeX/fonts/type1/public/amsf
onts/cm/cmsy6.pfb><E:/CTEX/MiKTeX/fonts/type1/public/amsfonts/cm/cmsy7.pfb><E:/
CTEX/MiKTeX/fonts/type1/public/amsfonts/cm/cmsy8.pfb><E:/CTEX/MiKTeX/fonts/type
1/public/amsfonts/cm/cmti10.pfb><E:/CTEX/MiKTeX/fonts/type1/public/amsfonts/cm/
cmti7.pfb><E:/CTEX/MiKTeX/fonts/type1/public/amsfonts/cm/cmti8.pfb><E:/CTEX/MiK
TeX/fonts/type1/public/amsfonts/cm/cmtt10.pfb>
Output written on trialphabet218.pdf (28 pages, 638913 bytes).
PDF statistics:
 332 PDF objects out of 1000 (max. 8388607)
 0 named destinations out of 1000 (max. 500000)
 131 words of extra memory for PDF output out of 10000 (max. 10000000)

